Vivado Simulator v2021.2
Copyright 1986-1999, 2001-2021 Xilinx, Inc. All Rights Reserved.
Running: C:/Xilinx/Vivado/2021.2/bin/unwrapped/win64.o/xelab.exe --debug typical --relax --mt 2 -L xil_defaultlib -L secureip --snapshot FinalProject_Shell_tb_behav xil_defaultlib.FinalProject_Shell_tb -log elaborate.log 
Using 2 slave threads.
Starting static elaboration
Completed static elaboration
Starting simulation data flow analysis
Completed simulation data flow analysis
Time Resolution for simulation is 1ps
Compiling package std.standard
Compiling package std.textio
Compiling package ieee.std_logic_1164
Compiling package ieee.numeric_std
Compiling package ieee.math_real
Compiling package unisim.vcomponents
Compiling package ieee.vital_timing
Compiling package ieee.vital_primitives
Compiling package unisim.vpkg
Compiling architecture bufg_v of entity unisim.BUFG [bufg_default]
Compiling architecture oddr_v of entity unisim.ODDR [\ODDR(ddr_clk_edge="SAME_EDGE")(...]
Compiling architecture behavioral_architecture of entity xil_defaultlib.system_clock_generation [\system_clock_generation(clock_d...]
Compiling architecture behavioral_architecture of entity xil_defaultlib.tick_generator [\tick_generator(frequency_divide...]
Compiling architecture behavioral of entity xil_defaultlib.button_interface [button_interface_default]
Compiling architecture behavioral_architecture of entity xil_defaultlib.FinalProject_controller [finalproject_controller_default]
Compiling architecture behavioral_architecture of entity xil_defaultlib.FinalProject_datapath [finalproject_datapath_default]
Compiling architecture behavioral of entity xil_defaultlib.FinalProject_LFSR [finalproject_lfsr_default]
Compiling architecture behavioral of entity xil_defaultlib.FinalProject_Display [finalproject_display_default]
Compiling architecture behavioral of entity xil_defaultlib.mux7seg [mux7seg_default]
Compiling architecture behavioral_architecture of entity xil_defaultlib.FinalProject_shell [finalproject_shell_default]
Compiling architecture testbench of entity xil_defaultlib.finalproject_shell_tb
Built simulation snapshot FinalProject_Shell_tb_behav
