INFO: [VRFC 10-163] Analyzing VHDL file "O:/ENGS 31/Final_project/Vivado/Final_project.srcs/sources_1/new/FinalProject_Controller.vhd" into library xil_defaultlib
INFO: [VRFC 10-3107] analyzing entity 'FinalProject_controller'
INFO: [VRFC 10-163] Analyzing VHDL file "O:/ENGS 31/Final_project/Vivado/Final_project.srcs/sources_1/new/FinalProject_Display.vhd" into library xil_defaultlib
INFO: [VRFC 10-3107] analyzing entity 'FinalProject_Display'
INFO: [VRFC 10-163] Analyzing VHDL file "O:/ENGS 31/Final_project/Vivado/Final_project.srcs/sources_1/new/FinalProject_LFSR.vhd" into library xil_defaultlib
INFO: [VRFC 10-3107] analyzing entity 'FinalProject_LFSR'
INFO: [VRFC 10-163] Analyzing VHDL file "O:/ENGS 31/Final_project/Vivado/Final_project.srcs/sources_1/new/FinalProject_datapath.vhd" into library xil_defaultlib
INFO: [VRFC 10-3107] analyzing entity 'FinalProject_datapath'
INFO: [VRFC 10-163] Analyzing VHDL file "O:/ENGS 31/Final_project/Vivado/Final_project.srcs/sources_1/new/FinalProject_shell.vhd" into library xil_defaultlib
INFO: [VRFC 10-3107] analyzing entity 'FinalProject_shell'
INFO: [VRFC 10-163] Analyzing VHDL file "O:/ENGS 31/Final_project/Vivado/Final_project.srcs/sources_1/new/button_interface.vhd" into library xil_defaultlib
INFO: [VRFC 10-3107] analyzing entity 'button_interface'
INFO: [VRFC 10-163] Analyzing VHDL file "O:/ENGS 31/Final_project/Vivado/Final_project.srcs/sources_1/new/mux7seg.vhd" into library xil_defaultlib
INFO: [VRFC 10-3107] analyzing entity 'mux7seg'
INFO: [VRFC 10-163] Analyzing VHDL file "O:/ENGS 31/Final_project/Vivado/Final_project.srcs/sources_1/new/system_clock_generation.vhd" into library xil_defaultlib
INFO: [VRFC 10-3107] analyzing entity 'system_clock_generation'
INFO: [VRFC 10-163] Analyzing VHDL file "O:/ENGS 31/Final_project/Vivado/Final_project.srcs/sources_1/new/tick_generator.vhd" into library xil_defaultlib
INFO: [VRFC 10-3107] analyzing entity 'tick_generator'
INFO: [VRFC 10-163] Analyzing VHDL file "O:/ENGS 31/Final_project/Vivado/Final_project.srcs/sim_1/new/FinalProject_Shell_tb.vhd" into library xil_defaultlib
INFO: [VRFC 10-3107] analyzing entity 'FinalProject_Shell_tb'
